<?xml version="1.0" encoding="UTF-8" ?>
<testsuite tests="21" failures="0" name="com.currencydescription.tests.TestUSIntegerCurrencyDescription" time="0.285" errors="0" skipped="0">
  <properties>
[...]
</properties>
  <testcase classname="com.currencydescription.tests.TestUSIntegerCurrencyDescription" name="SampleTest1" time="0.258"/>
  <testcase classname="com.currencydescription.tests.TestUSIntegerCurrencyDescription" name="SampleTest2" time="0"/>
  <testcase classname="com.currencydescription.tests.TestUSIntegerCurrencyDescription" name="SampleTest5" time="0.015"/>
  <testcase classname="com.currencydescription.tests.TestUSIntegerCurrencyDescription" name="SampleTest11" time="0"/>
  <testcase classname="com.currencydescription.tests.TestUSIntegerCurrencyDescription" name="SampleTest13" time="0"/>
  <testcase classname="com.currencydescription.tests.TestUSIntegerCurrencyDescription" name="SampleTest15" time="0.002"/>
  <testcase classname="com.currencydescription.tests.TestUSIntegerCurrencyDescription" name="SampleTest16" time="0"/>
  <testcase classname="com.currencydescription.tests.TestUSIntegerCurrencyDescription" name="SampleTest17" time="0.002"/>
  <testcase classname="com.currencydescription.tests.TestUSIntegerCurrencyDescription" name="SampleTest18" time="0"/>
  <testcase classname="com.currencydescription.tests.TestUSIntegerCurrencyDescription" name="SampleTest19" time="0.002"/>
  <testcase classname="com.currencydescription.tests.TestUSIntegerCurrencyDescription" name="SampleTest20" time="0.001"/>
  <testcase classname="com.currencydescription.tests.TestUSIntegerCurrencyDescription" name="SampleTest9" time="0"/>
  <testcase classname="com.currencydescription.tests.TestUSIntegerCurrencyDescription" name="SampleTest12" time="0"/>
  <testcase classname="com.currencydescription.tests.TestUSIntegerCurrencyDescription" name="SampleTest14" time="0.001"/>
  <testcase classname="com.currencydescription.tests.TestUSIntegerCurrencyDescription" name="SampleTest8" time="0.001"/>
  <testcase classname="com.currencydescription.tests.TestUSIntegerCurrencyDescription" name="SampleTest10" time="0.002"/>
  <testcase classname="com.currencydescription.tests.TestUSIntegerCurrencyDescription" name="SampleTest4" time="0.001"/>
  <testcase classname="com.currencydescription.tests.TestUSIntegerCurrencyDescription" name="SampleTest6" time="0"/>
  <testcase classname="com.currencydescription.tests.TestUSIntegerCurrencyDescription" name="SampleTest3" time="0"/>
  <testcase classname="com.currencydescription.tests.TestUSIntegerCurrencyDescription" name="SampleTest7" time="0"/>
  <testcase classname="com.currencydescription.tests.TestUSIntegerCurrencyDescription" name="SampleTest0" time="0"/>
</testsuite>